[16:33:51:673] [INFO] - test.Log4jTest.main(Log4jTest.java:12) - This is info message.
[16:37:28:795] [INFO] - org.hibernate.Version.logVersion(Version.java:37) - HHH000412: Hibernate Core {5.0.10.Final}
[16:37:28:797] [INFO] - org.hibernate.cfg.Environment.<clinit>(Environment.java:213) - HHH000206: hibernate.properties not found
[16:37:28:798] [INFO] - org.hibernate.cfg.Environment.buildBytecodeProvider(Environment.java:317) - HHH000021: Bytecode provider name : javassist
[16:37:29:029] [INFO] - org.hibernate.annotations.common.reflection.java.JavaReflectionManager.<clinit>(JavaReflectionManager.java:66) - HCANN000001: Hibernate Commons Annotations {5.0.1.Final}
[16:37:29:764] [INFO] - org.hibernate.engine.jdbc.connections.internal.DriverManagerConnectionProviderImpl.buildCreator(DriverManagerConnectionProviderImpl.java:127) - HHH10001005: using driver [com.mysql.jdbc.Driver] at URL [jdbc:mysql://localhost:3306/test]
[16:37:29:765] [INFO] - org.hibernate.engine.jdbc.connections.internal.DriverManagerConnectionProviderImpl.buildCreator(DriverManagerConnectionProviderImpl.java:136) - HHH10001001: Connection properties: {user=root, password=****}
[16:37:29:765] [INFO] - org.hibernate.engine.jdbc.connections.internal.DriverManagerConnectionProviderImpl.buildCreator(DriverManagerConnectionProviderImpl.java:141) - HHH10001003: Autocommit mode: false
[16:37:29:767] [INFO] - org.hibernate.engine.jdbc.connections.internal.PooledConnections.<init>(PooledConnections.java:39) - HHH000115: Hibernate connection pool size: 1 (min=1)
[16:37:29:950] [INFO] - org.hibernate.dialect.Dialect.<init>(Dialect.java:156) - HHH000400: Using dialect: org.hibernate.dialect.MySQLDialect
[16:37:29:975] [INFO] - org.hibernate.engine.jdbc.env.internal.LobCreatorBuilderImpl.useContextualLobCreation(LobCreatorBuilderImpl.java:98) - HHH000423: Disabling contextual LOB creation as JDBC driver reported JDBC version [3] less than 4
[16:37:30:228] [INFO] - org.hibernate.tool.hbm2ddl.SchemaExport.execute(SchemaExport.java:400) - HHH000227: Running hbm2ddl schema export
[16:37:30:290] [INFO] - org.hibernate.tool.hbm2ddl.SchemaExport.execute(SchemaExport.java:464) - HHH000230: Schema export complete
[16:37:30:382] [INFO] - org.hibernate.hql.internal.QueryTranslatorFactoryInitiator.initiateService(QueryTranslatorFactoryInitiator.java:47) - HHH000397: Using ASTQueryTranslatorFactory
[16:38:24:135] [INFO] - org.hibernate.Version.logVersion(Version.java:37) - HHH000412: Hibernate Core {5.0.10.Final}
[16:38:24:138] [INFO] - org.hibernate.cfg.Environment.<clinit>(Environment.java:213) - HHH000206: hibernate.properties not found
[16:38:24:139] [INFO] - org.hibernate.cfg.Environment.buildBytecodeProvider(Environment.java:317) - HHH000021: Bytecode provider name : javassist
[16:38:24:409] [INFO] - org.hibernate.annotations.common.reflection.java.JavaReflectionManager.<clinit>(JavaReflectionManager.java:66) - HCANN000001: Hibernate Commons Annotations {5.0.1.Final}
[16:38:25:215] [INFO] - org.hibernate.engine.jdbc.connections.internal.DriverManagerConnectionProviderImpl.buildCreator(DriverManagerConnectionProviderImpl.java:127) - HHH10001005: using driver [com.mysql.jdbc.Driver] at URL [jdbc:mysql://localhost:3306/test]
[16:38:25:215] [INFO] - org.hibernate.engine.jdbc.connections.internal.DriverManagerConnectionProviderImpl.buildCreator(DriverManagerConnectionProviderImpl.java:136) - HHH10001001: Connection properties: {user=root, password=****}
[16:38:25:216] [INFO] - org.hibernate.engine.jdbc.connections.internal.DriverManagerConnectionProviderImpl.buildCreator(DriverManagerConnectionProviderImpl.java:141) - HHH10001003: Autocommit mode: false
[16:38:25:218] [INFO] - org.hibernate.engine.jdbc.connections.internal.PooledConnections.<init>(PooledConnections.java:39) - HHH000115: Hibernate connection pool size: 1 (min=1)
[16:38:25:431] [INFO] - org.hibernate.dialect.Dialect.<init>(Dialect.java:156) - HHH000400: Using dialect: org.hibernate.dialect.MySQLDialect
[16:38:25:455] [INFO] - org.hibernate.engine.jdbc.env.internal.LobCreatorBuilderImpl.useContextualLobCreation(LobCreatorBuilderImpl.java:98) - HHH000423: Disabling contextual LOB creation as JDBC driver reported JDBC version [3] less than 4
[16:38:25:774] [INFO] - org.hibernate.tool.hbm2ddl.SchemaExport.execute(SchemaExport.java:400) - HHH000227: Running hbm2ddl schema export
[16:38:25:849] [INFO] - org.hibernate.tool.hbm2ddl.SchemaExport.execute(SchemaExport.java:464) - HHH000230: Schema export complete
[16:38:25:962] [INFO] - org.hibernate.hql.internal.QueryTranslatorFactoryInitiator.initiateService(QueryTranslatorFactoryInitiator.java:47) - HHH000397: Using ASTQueryTranslatorFactory
[17:30:14:937] [INFO] - org.hibernate.Version.logVersion(Version.java:37) - HHH000412: Hibernate Core {5.0.10.Final}
[17:30:14:939] [INFO] - org.hibernate.cfg.Environment.<clinit>(Environment.java:213) - HHH000206: hibernate.properties not found
[17:30:14:940] [INFO] - org.hibernate.cfg.Environment.buildBytecodeProvider(Environment.java:317) - HHH000021: Bytecode provider name : javassist
[17:30:15:112] [INFO] - org.hibernate.annotations.common.reflection.java.JavaReflectionManager.<clinit>(JavaReflectionManager.java:66) - HCANN000001: Hibernate Commons Annotations {5.0.1.Final}
[17:30:15:845] [INFO] - org.hibernate.engine.jdbc.connections.internal.DriverManagerConnectionProviderImpl.buildCreator(DriverManagerConnectionProviderImpl.java:127) - HHH10001005: using driver [com.mysql.jdbc.Driver] at URL [jdbc:mysql://localhost:3306/test]
[17:30:15:846] [INFO] - org.hibernate.engine.jdbc.connections.internal.DriverManagerConnectionProviderImpl.buildCreator(DriverManagerConnectionProviderImpl.java:136) - HHH10001001: Connection properties: {user=root, password=****}
[17:30:15:846] [INFO] - org.hibernate.engine.jdbc.connections.internal.DriverManagerConnectionProviderImpl.buildCreator(DriverManagerConnectionProviderImpl.java:141) - HHH10001003: Autocommit mode: false
[17:30:15:849] [INFO] - org.hibernate.engine.jdbc.connections.internal.PooledConnections.<init>(PooledConnections.java:39) - HHH000115: Hibernate connection pool size: 1 (min=1)
[17:30:16:129] [INFO] - org.hibernate.dialect.Dialect.<init>(Dialect.java:156) - HHH000400: Using dialect: org.hibernate.dialect.MySQLDialect
[17:30:16:179] [INFO] - org.hibernate.engine.jdbc.env.internal.LobCreatorBuilderImpl.useContextualLobCreation(LobCreatorBuilderImpl.java:98) - HHH000423: Disabling contextual LOB creation as JDBC driver reported JDBC version [3] less than 4
[17:30:16:630] [INFO] - org.hibernate.tool.hbm2ddl.SchemaExport.execute(SchemaExport.java:400) - HHH000227: Running hbm2ddl schema export
[17:30:16:703] [INFO] - org.hibernate.tool.hbm2ddl.SchemaExport.execute(SchemaExport.java:464) - HHH000230: Schema export complete
[17:30:16:785] [INFO] - org.hibernate.hql.internal.QueryTranslatorFactoryInitiator.initiateService(QueryTranslatorFactoryInitiator.java:47) - HHH000397: Using ASTQueryTranslatorFactory
